{"/Users/mag_lange/Library/CloudStorage/OneDrive-NTNU/NTNU(alive)/3rd. Semester/DCST2002_code/Oblig6webdev_mag/server/src/app.ts": {"path":"/Users/mag_lange/Library/CloudStorage/OneDrive-NTNU/NTNU(alive)/3rd. Semester/DCST2002_code/Oblig6webdev_mag/server/src/app.ts","statementMap":{"0":{"start":{"line":7,"column":12},"end":{"line":7,"column":21}},"1":{"start":{"line":9,"column":0},"end":{"line":9,"column":24}},"2":{"start":{"line":12,"column":0},"end":{"line":12,"column":31}}},"fnMap":{},"branchMap":{},"s":{"0":1,"1":1,"2":1},"f":{},"b":{},"_coverageSchema":"1a1c01bbd47fc00a2c39e90264f33305004495a9","hash":"a0a3e3af00cebbab749db12a55bf456fca7e5270"}
,"/Users/mag_lange/Library/CloudStorage/OneDrive-NTNU/NTNU(alive)/3rd. Semester/DCST2002_code/Oblig6webdev_mag/server/src/mysql-pool.ts": {"path":"/Users/mag_lange/Library/CloudStorage/OneDrive-NTNU/NTNU(alive)/3rd. Semester/DCST2002_code/Oblig6webdev_mag/server/src/mysql-pool.ts","statementMap":{"0":{"start":{"line":10,"column":13},"end":{"line":20,"column":2}},"1":{"start":{"line":19,"column":4},"end":{"line":19,"column":78}}},"fnMap":{"0":{"name":"(anonymous_0)","decl":{"start":{"line":18,"column":12},"end":{"line":18,"column":13}},"loc":{"start":{"line":19,"column":4},"end":{"line":19,"column":78}},"line":19}},"branchMap":{"0":{"loc":{"start":{"line":19,"column":4},"end":{"line":19,"column":78}},"type":"cond-expr","locations":[{"start":{"line":19,"column":48},"end":{"line":19,"column":69}},{"start":{"line":19,"column":72},"end":{"line":19,"column":78}}],"line":19},"1":{"loc":{"start":{"line":19,"column":4},"end":{"line":19,"column":45}},"type":"binary-expr","locations":[{"start":{"line":19,"column":4},"end":{"line":19,"column":24}},{"start":{"line":19,"column":28},"end":{"line":19,"column":45}}],"line":19}},"s":{"0":1,"1":16},"f":{"0":16},"b":{"0":[4,12],"1":[16,4]},"_coverageSchema":"1a1c01bbd47fc00a2c39e90264f33305004495a9","hash":"48741d550d3b92fc2ae217ec37266be953406040"}
,"/Users/mag_lange/Library/CloudStorage/OneDrive-NTNU/NTNU(alive)/3rd. Semester/DCST2002_code/Oblig6webdev_mag/server/src/task-router.ts": {"path":"/Users/mag_lange/Library/CloudStorage/OneDrive-NTNU/NTNU(alive)/3rd. Semester/DCST2002_code/Oblig6webdev_mag/server/src/task-router.ts","statementMap":{"0":{"start":{"line":7,"column":15},"end":{"line":7,"column":31}},"1":{"start":{"line":9,"column":0},"end":{"line":14,"column":3}},"2":{"start":{"line":10,"column":2},"end":{"line":13,"column":56}},"3":{"start":{"line":12,"column":20},"end":{"line":12,"column":39}},"4":{"start":{"line":13,"column":22},"end":{"line":13,"column":54}},"5":{"start":{"line":16,"column":0},"end":{"line":22,"column":3}},"6":{"start":{"line":17,"column":13},"end":{"line":17,"column":38}},"7":{"start":{"line":18,"column":2},"end":{"line":21,"column":56}},"8":{"start":{"line":20,"column":21},"end":{"line":20,"column":93}},"9":{"start":{"line":21,"column":22},"end":{"line":21,"column":54}},"10":{"start":{"line":26,"column":0},"end":{"line":34,"column":3}},"11":{"start":{"line":27,"column":15},"end":{"line":27,"column":27}},"12":{"start":{"line":28,"column":2},"end":{"line":33,"column":55}},"13":{"start":{"line":29,"column":4},"end":{"line":32,"column":58}},"14":{"start":{"line":31,"column":20},"end":{"line":31,"column":45}},"15":{"start":{"line":32,"column":24},"end":{"line":32,"column":56}},"16":{"start":{"line":33,"column":7},"end":{"line":33,"column":55}},"17":{"start":{"line":36,"column":0},"end":{"line":41,"column":3}},"18":{"start":{"line":37,"column":2},"end":{"line":40,"column":56}},"19":{"start":{"line":39,"column":23},"end":{"line":39,"column":38}},"20":{"start":{"line":40,"column":22},"end":{"line":40,"column":54}},"21":{"start":{"line":43,"column":0},"end":{"line":52,"column":3}},"22":{"start":{"line":44,"column":15},"end":{"line":44,"column":27}},"23":{"start":{"line":46,"column":2},"end":{"line":51,"column":3}},"24":{"start":{"line":47,"column":4},"end":{"line":50,"column":58}},"25":{"start":{"line":49,"column":18},"end":{"line":49,"column":60}},"26":{"start":{"line":50,"column":24},"end":{"line":50,"column":56}}},"fnMap":{"0":{"name":"(anonymous_0)","decl":{"start":{"line":9,"column":21},"end":{"line":9,"column":22}},"loc":{"start":{"line":9,"column":45},"end":{"line":14,"column":1}},"line":9},"1":{"name":"(anonymous_1)","decl":{"start":{"line":12,"column":10},"end":{"line":12,"column":11}},"loc":{"start":{"line":12,"column":20},"end":{"line":12,"column":39}},"line":12},"2":{"name":"(anonymous_2)","decl":{"start":{"line":13,"column":11},"end":{"line":13,"column":12}},"loc":{"start":{"line":13,"column":22},"end":{"line":13,"column":54}},"line":13},"3":{"name":"(anonymous_3)","decl":{"start":{"line":16,"column":25},"end":{"line":16,"column":26}},"loc":{"start":{"line":16,"column":48},"end":{"line":22,"column":1}},"line":16},"4":{"name":"(anonymous_4)","decl":{"start":{"line":20,"column":10},"end":{"line":20,"column":11}},"loc":{"start":{"line":20,"column":21},"end":{"line":20,"column":93}},"line":20},"5":{"name":"(anonymous_5)","decl":{"start":{"line":21,"column":11},"end":{"line":21,"column":12}},"loc":{"start":{"line":21,"column":22},"end":{"line":21,"column":54}},"line":21},"6":{"name":"(anonymous_6)","decl":{"start":{"line":26,"column":22},"end":{"line":26,"column":23}},"loc":{"start":{"line":26,"column":45},"end":{"line":34,"column":1}},"line":26},"7":{"name":"(anonymous_7)","decl":{"start":{"line":31,"column":12},"end":{"line":31,"column":13}},"loc":{"start":{"line":31,"column":20},"end":{"line":31,"column":45}},"line":31},"8":{"name":"(anonymous_8)","decl":{"start":{"line":32,"column":13},"end":{"line":32,"column":14}},"loc":{"start":{"line":32,"column":24},"end":{"line":32,"column":56}},"line":32},"9":{"name":"(anonymous_9)","decl":{"start":{"line":36,"column":28},"end":{"line":36,"column":29}},"loc":{"start":{"line":36,"column":51},"end":{"line":41,"column":1}},"line":36},"10":{"name":"(anonymous_10)","decl":{"start":{"line":39,"column":10},"end":{"line":39,"column":11}},"loc":{"start":{"line":39,"column":23},"end":{"line":39,"column":38}},"line":39},"11":{"name":"(anonymous_11)","decl":{"start":{"line":40,"column":11},"end":{"line":40,"column":12}},"loc":{"start":{"line":40,"column":22},"end":{"line":40,"column":54}},"line":40},"12":{"name":"(anonymous_12)","decl":{"start":{"line":43,"column":25},"end":{"line":43,"column":26}},"loc":{"start":{"line":43,"column":48},"end":{"line":52,"column":1}},"line":43},"13":{"name":"(anonymous_13)","decl":{"start":{"line":49,"column":12},"end":{"line":49,"column":13}},"loc":{"start":{"line":49,"column":18},"end":{"line":49,"column":60}},"line":49},"14":{"name":"(anonymous_14)","decl":{"start":{"line":50,"column":13},"end":{"line":50,"column":14}},"loc":{"start":{"line":50,"column":24},"end":{"line":50,"column":56}},"line":50}},"branchMap":{"0":{"loc":{"start":{"line":20,"column":21},"end":{"line":20,"column":93}},"type":"cond-expr","locations":[{"start":{"line":20,"column":28},"end":{"line":20,"column":47}},{"start":{"line":20,"column":50},"end":{"line":20,"column":93}}],"line":20},"1":{"loc":{"start":{"line":28,"column":2},"end":{"line":33,"column":55}},"type":"if","locations":[{"start":{"line":28,"column":2},"end":{"line":33,"column":55}},{"start":{"line":33,"column":7},"end":{"line":33,"column":55}}],"line":28},"2":{"loc":{"start":{"line":28,"column":6},"end":{"line":28,"column":50}},"type":"binary-expr","locations":[{"start":{"line":28,"column":6},"end":{"line":28,"column":10}},{"start":{"line":28,"column":14},"end":{"line":28,"column":24}},{"start":{"line":28,"column":28},"end":{"line":28,"column":50}}],"line":28},"3":{"loc":{"start":{"line":46,"column":2},"end":{"line":51,"column":3}},"type":"if","locations":[{"start":{"line":46,"column":2},"end":{"line":51,"column":3}},{"start":{},"end":{}}],"line":46},"4":{"loc":{"start":{"line":46,"column":6},"end":{"line":46,"column":44}},"type":"binary-expr","locations":[{"start":{"line":46,"column":6},"end":{"line":46,"column":10}},{"start":{"line":46,"column":14},"end":{"line":46,"column":24}},{"start":{"line":46,"column":28},"end":{"line":46,"column":44}}],"line":46}},"s":{"0":1,"1":1,"2":1,"3":1,"4":0,"5":1,"6":2,"7":2,"8":2,"9":0,"10":1,"11":1,"12":1,"13":1,"14":1,"15":0,"16":0,"17":1,"18":1,"19":1,"20":0,"21":1,"22":1,"23":1,"24":1,"25":1,"26":0},"f":{"0":1,"1":1,"2":0,"3":2,"4":2,"5":0,"6":1,"7":1,"8":0,"9":1,"10":1,"11":0,"12":1,"13":1,"14":0},"b":{"0":[1,1],"1":[1,0],"2":[1,1,1],"3":[1,0],"4":[1,1,1]},"_coverageSchema":"1a1c01bbd47fc00a2c39e90264f33305004495a9","hash":"a9b5084544152f7272d16f40e82c8c298950456d"}
,"/Users/mag_lange/Library/CloudStorage/OneDrive-NTNU/NTNU(alive)/3rd. Semester/DCST2002_code/Oblig6webdev_mag/server/src/task-service.ts": {"path":"/Users/mag_lange/Library/CloudStorage/OneDrive-NTNU/NTNU(alive)/3rd. Semester/DCST2002_code/Oblig6webdev_mag/server/src/task-service.ts","statementMap":{"0":{"start":{"line":16,"column":4},"end":{"line":22,"column":7}},"1":{"start":{"line":17,"column":6},"end":{"line":21,"column":9}},"2":{"start":{"line":18,"column":8},"end":{"line":18,"column":40}},"3":{"start":{"line":18,"column":19},"end":{"line":18,"column":40}},"4":{"start":{"line":20,"column":8},"end":{"line":20,"column":36}},"5":{"start":{"line":29,"column":4},"end":{"line":35,"column":7}},"6":{"start":{"line":30,"column":6},"end":{"line":34,"column":9}},"7":{"start":{"line":31,"column":8},"end":{"line":31,"column":40}},"8":{"start":{"line":31,"column":19},"end":{"line":31,"column":40}},"9":{"start":{"line":33,"column":8},"end":{"line":33,"column":35}},"10":{"start":{"line":44,"column":4},"end":{"line":50,"column":7}},"11":{"start":{"line":45,"column":6},"end":{"line":49,"column":9}},"12":{"start":{"line":46,"column":8},"end":{"line":46,"column":40}},"13":{"start":{"line":46,"column":19},"end":{"line":46,"column":40}},"14":{"start":{"line":48,"column":8},"end":{"line":48,"column":34}},"15":{"start":{"line":57,"column":4},"end":{"line":64,"column":7}},"16":{"start":{"line":58,"column":6},"end":{"line":63,"column":9}},"17":{"start":{"line":59,"column":8},"end":{"line":59,"column":40}},"18":{"start":{"line":59,"column":19},"end":{"line":59,"column":40}},"19":{"start":{"line":60,"column":8},"end":{"line":60,"column":82}},"20":{"start":{"line":60,"column":39},"end":{"line":60,"column":82}},"21":{"start":{"line":62,"column":8},"end":{"line":62,"column":18}},"22":{"start":{"line":68,"column":4},"end":{"line":75,"column":7}},"23":{"start":{"line":69,"column":6},"end":{"line":74,"column":9}},"24":{"start":{"line":70,"column":8},"end":{"line":70,"column":40}},"25":{"start":{"line":70,"column":19},"end":{"line":70,"column":40}},"26":{"start":{"line":71,"column":8},"end":{"line":71,"column":104}},"27":{"start":{"line":71,"column":39},"end":{"line":71,"column":104}},"28":{"start":{"line":73,"column":8},"end":{"line":73,"column":18}},"29":{"start":{"line":80,"column":20},"end":{"line":80,"column":37}}},"fnMap":{"0":{"name":"(anonymous_0)","decl":{"start":{"line":15,"column":2},"end":{"line":15,"column":3}},"loc":{"start":{"line":15,"column":18},"end":{"line":23,"column":3}},"line":15},"1":{"name":"(anonymous_1)","decl":{"start":{"line":16,"column":41},"end":{"line":16,"column":42}},"loc":{"start":{"line":16,"column":62},"end":{"line":22,"column":5}},"line":16},"2":{"name":"(anonymous_2)","decl":{"start":{"line":17,"column":59},"end":{"line":17,"column":60}},"loc":{"start":{"line":17,"column":96},"end":{"line":21,"column":7}},"line":17},"3":{"name":"(anonymous_3)","decl":{"start":{"line":28,"column":2},"end":{"line":28,"column":3}},"loc":{"start":{"line":28,"column":11},"end":{"line":36,"column":3}},"line":28},"4":{"name":"(anonymous_4)","decl":{"start":{"line":29,"column":31},"end":{"line":29,"column":32}},"loc":{"start":{"line":29,"column":52},"end":{"line":35,"column":5}},"line":29},"5":{"name":"(anonymous_5)","decl":{"start":{"line":30,"column":40},"end":{"line":30,"column":41}},"loc":{"start":{"line":30,"column":77},"end":{"line":34,"column":7}},"line":30},"6":{"name":"(anonymous_6)","decl":{"start":{"line":43,"column":2},"end":{"line":43,"column":3}},"loc":{"start":{"line":43,"column":60},"end":{"line":51,"column":3}},"line":43},"7":{"name":"(anonymous_7)","decl":{"start":{"line":44,"column":31},"end":{"line":44,"column":32}},"loc":{"start":{"line":44,"column":52},"end":{"line":50,"column":5}},"line":44},"8":{"name":"(anonymous_8)","decl":{"start":{"line":45,"column":101},"end":{"line":45,"column":102}},"loc":{"start":{"line":45,"column":138},"end":{"line":49,"column":7}},"line":45},"9":{"name":"(anonymous_9)","decl":{"start":{"line":56,"column":2},"end":{"line":56,"column":3}},"loc":{"start":{"line":56,"column":21},"end":{"line":65,"column":3}},"line":56},"10":{"name":"(anonymous_10)","decl":{"start":{"line":57,"column":29},"end":{"line":57,"column":30}},"loc":{"start":{"line":57,"column":50},"end":{"line":64,"column":5}},"line":57},"11":{"name":"(anonymous_11)","decl":{"start":{"line":58,"column":57},"end":{"line":58,"column":58}},"loc":{"start":{"line":58,"column":94},"end":{"line":63,"column":7}},"line":58},"12":{"name":"(anonymous_12)","decl":{"start":{"line":67,"column":2},"end":{"line":67,"column":3}},"loc":{"start":{"line":67,"column":72},"end":{"line":76,"column":3}},"line":67},"13":{"name":"(anonymous_13)","decl":{"start":{"line":68,"column":29},"end":{"line":68,"column":30}},"loc":{"start":{"line":68,"column":50},"end":{"line":75,"column":5}},"line":68},"14":{"name":"(anonymous_14)","decl":{"start":{"line":69,"column":113},"end":{"line":69,"column":114}},"loc":{"start":{"line":69,"column":150},"end":{"line":74,"column":7}},"line":69}},"branchMap":{"0":{"loc":{"start":{"line":18,"column":8},"end":{"line":18,"column":40}},"type":"if","locations":[{"start":{"line":18,"column":8},"end":{"line":18,"column":40}},{"start":{},"end":{}}],"line":18},"1":{"loc":{"start":{"line":31,"column":8},"end":{"line":31,"column":40}},"type":"if","locations":[{"start":{"line":31,"column":8},"end":{"line":31,"column":40}},{"start":{},"end":{}}],"line":31},"2":{"loc":{"start":{"line":46,"column":8},"end":{"line":46,"column":40}},"type":"if","locations":[{"start":{"line":46,"column":8},"end":{"line":46,"column":40}},{"start":{},"end":{}}],"line":46},"3":{"loc":{"start":{"line":59,"column":8},"end":{"line":59,"column":40}},"type":"if","locations":[{"start":{"line":59,"column":8},"end":{"line":59,"column":40}},{"start":{},"end":{}}],"line":59},"4":{"loc":{"start":{"line":60,"column":8},"end":{"line":60,"column":82}},"type":"if","locations":[{"start":{"line":60,"column":8},"end":{"line":60,"column":82}},{"start":{},"end":{}}],"line":60},"5":{"loc":{"start":{"line":70,"column":8},"end":{"line":70,"column":40}},"type":"if","locations":[{"start":{"line":70,"column":8},"end":{"line":70,"column":40}},{"start":{},"end":{}}],"line":70},"6":{"loc":{"start":{"line":71,"column":8},"end":{"line":71,"column":104}},"type":"if","locations":[{"start":{"line":71,"column":8},"end":{"line":71,"column":104}},{"start":{},"end":{}}],"line":71}},"s":{"0":2,"1":2,"2":2,"3":0,"4":2,"5":1,"6":1,"7":1,"8":0,"9":1,"10":19,"11":19,"12":19,"13":0,"14":19,"15":1,"16":1,"17":1,"18":0,"19":1,"20":0,"21":1,"22":1,"23":1,"24":1,"25":0,"26":1,"27":0,"28":1,"29":1},"f":{"0":2,"1":2,"2":2,"3":1,"4":1,"5":1,"6":19,"7":19,"8":19,"9":1,"10":1,"11":1,"12":1,"13":1,"14":1},"b":{"0":[0,2],"1":[0,1],"2":[0,19],"3":[0,1],"4":[0,1],"5":[0,1],"6":[0,1]},"_coverageSchema":"1a1c01bbd47fc00a2c39e90264f33305004495a9","hash":"22d7ce269c7ee6ecfab52f212bf1654c036d35a4"}
}
