TN:
SF:src/app.ts
FNF:0
FNH:0
DA:7,1
DA:9,1
DA:12,1
LF:3
LH:3
BRF:0
BRH:0
end_of_record
TN:
SF:src/mysql-pool.ts
FN:18,(anonymous_0)
FNF:1
FNH:1
FNDA:12,(anonymous_0)
DA:10,1
DA:19,12
LF:2
LH:2
BRDA:19,0,0,4
BRDA:19,0,1,8
BRDA:19,1,0,12
BRDA:19,1,1,4
BRF:4
BRH:4
end_of_record
TN:
SF:src/task-router.ts
FN:9,(anonymous_0)
FN:12,(anonymous_1)
FN:13,(anonymous_2)
FN:16,(anonymous_3)
FN:20,(anonymous_4)
FN:21,(anonymous_5)
FN:26,(anonymous_6)
FN:31,(anonymous_7)
FN:32,(anonymous_8)
FN:36,(anonymous_9)
FN:39,(anonymous_10)
FN:40,(anonymous_11)
FNF:12
FNH:8
FNDA:1,(anonymous_0)
FNDA:1,(anonymous_1)
FNDA:0,(anonymous_2)
FNDA:2,(anonymous_3)
FNDA:2,(anonymous_4)
FNDA:0,(anonymous_5)
FNDA:1,(anonymous_6)
FNDA:1,(anonymous_7)
FNDA:0,(anonymous_8)
FNDA:1,(anonymous_9)
FNDA:1,(anonymous_10)
FNDA:0,(anonymous_11)
DA:7,1
DA:9,1
DA:10,1
DA:12,1
DA:13,0
DA:16,1
DA:17,2
DA:18,2
DA:20,2
DA:21,0
DA:26,1
DA:27,1
DA:28,1
DA:29,1
DA:31,1
DA:32,0
DA:33,0
DA:36,1
DA:37,1
DA:39,1
DA:40,0
LF:21
LH:16
BRDA:20,0,0,1
BRDA:20,0,1,1
BRDA:28,1,0,1
BRDA:28,1,1,0
BRDA:28,2,0,1
BRDA:28,2,1,1
BRDA:28,2,2,1
BRF:7
BRH:6
end_of_record
TN:
SF:src/task-service.ts
FN:14,(anonymous_0)
FN:15,(anonymous_1)
FN:16,(anonymous_2)
FN:27,(anonymous_3)
FN:28,(anonymous_4)
FN:29,(anonymous_5)
FN:42,(anonymous_6)
FN:43,(anonymous_7)
FN:44,(anonymous_8)
FN:55,(anonymous_9)
FN:56,(anonymous_10)
FN:57,(anonymous_11)
FNF:12
FNH:12
FNDA:2,(anonymous_0)
FNDA:2,(anonymous_1)
FNDA:2,(anonymous_2)
FNDA:1,(anonymous_3)
FNDA:1,(anonymous_4)
FNDA:1,(anonymous_5)
FNDA:16,(anonymous_6)
FNDA:16,(anonymous_7)
FNDA:16,(anonymous_8)
FNDA:1,(anonymous_9)
FNDA:1,(anonymous_10)
FNDA:1,(anonymous_11)
DA:15,2
DA:16,2
DA:17,2
DA:19,2
DA:28,1
DA:29,1
DA:30,1
DA:32,1
DA:43,16
DA:44,16
DA:45,16
DA:47,16
DA:56,1
DA:57,1
DA:58,1
DA:59,1
DA:61,1
DA:67,1
LF:18
LH:18
BRDA:17,0,0,0
BRDA:17,0,1,2
BRDA:30,1,0,0
BRDA:30,1,1,1
BRDA:45,2,0,0
BRDA:45,2,1,16
BRDA:58,3,0,0
BRDA:58,3,1,1
BRDA:59,4,0,0
BRDA:59,4,1,1
BRF:10
BRH:5
end_of_record
