<?xml version="1.0" encoding="UTF-8"?>
<coverage generated="1728589456045" clover="3.2.0">
  <project timestamp="1728589456045" name="All files">
    <metrics statements="80" coveredstatements="43" conditionals="18" coveredconditionals="2" methods="51" coveredmethods="22" elements="149" coveredelements="67" complexity="0" loc="80" ncloc="80" packages="1" files="2" classes="2"/>
    <file name="task-components.tsx" path="/Users/mag_lange/Library/CloudStorage/OneDrive-NTNU/NTNU(alive)/3rd. Semester/DCST2002_code/Oblig6webdev_mag/client/src/task-components.tsx">
      <metrics statements="37" coveredstatements="23" conditionals="0" coveredconditionals="0" methods="27" coveredmethods="15"/>
      <line num="8" count="1" type="stmt"/>
      <line num="14" count="2" type="stmt"/>
      <line num="17" count="4" type="stmt"/>
      <line num="21" count="6" type="stmt"/>
      <line num="28" count="1" type="stmt"/>
      <line num="34" count="2" type="stmt"/>
      <line num="36" count="2" type="stmt"/>
      <line num="37" count="0" type="stmt"/>
      <line num="45" count="2" type="stmt"/>
      <line num="48" count="4" type="stmt"/>
      <line num="67" count="0" type="stmt"/>
      <line num="76" count="2" type="stmt"/>
      <line num="78" count="2" type="stmt"/>
      <line num="79" count="0" type="stmt"/>
      <line num="87" count="11" type="stmt"/>
      <line num="90" count="23" type="stmt"/>
      <line num="101" count="1" type="stmt"/>
      <line num="110" count="0" type="stmt"/>
      <line num="118" count="1" type="stmt"/>
      <line num="126" count="5" type="stmt"/>
      <line num="127" count="5" type="stmt"/>
      <line num="128" count="5" type="stmt"/>
      <line num="133" count="1" type="stmt"/>
      <line num="134" count="1" type="stmt"/>
      <line num="135" count="1" type="stmt"/>
      <line num="146" count="11" type="stmt"/>
      <line num="148" count="11" type="stmt"/>
      <line num="149" count="0" type="stmt"/>
      <line num="157" count="0" type="stmt"/>
      <line num="158" count="0" type="stmt"/>
      <line num="161" count="0" type="stmt"/>
      <line num="172" count="0" type="stmt"/>
      <line num="181" count="0" type="stmt"/>
      <line num="187" count="0" type="stmt"/>
      <line num="189" count="0" type="stmt"/>
      <line num="190" count="0" type="stmt"/>
      <line num="191" count="0" type="stmt"/>
    </file>
    <file name="widgets.tsx" path="/Users/mag_lange/Library/CloudStorage/OneDrive-NTNU/NTNU(alive)/3rd. Semester/DCST2002_code/Oblig6webdev_mag/client/src/widgets.tsx">
      <metrics statements="43" coveredstatements="20" conditionals="18" coveredconditionals="2" methods="24" coveredmethods="7"/>
      <line num="13" count="0" type="stmt"/>
      <line num="29" count="0" type="stmt"/>
      <line num="40" count="0" type="stmt"/>
      <line num="58" count="0" type="stmt"/>
      <line num="89" count="0" type="stmt"/>
      <line num="120" count="0" type="stmt"/>
      <line num="147" count="2" type="stmt"/>
      <line num="148" count="2" type="stmt"/>
      <line num="149" count="2" type="stmt"/>
      <line num="159" count="0" type="stmt"/>
      <line num="173" count="2" type="stmt"/>
      <line num="176" count="0" type="stmt"/>
      <line num="194" count="0" type="stmt"/>
      <line num="210" count="0" type="stmt"/>
      <line num="211" count="0" type="stmt"/>
      <line num="234" count="0" type="stmt"/>
      <line num="235" count="0" type="stmt"/>
      <line num="250" count="0" type="stmt"/>
      <line num="251" count="0" type="stmt"/>
      <line num="274" count="0" type="stmt"/>
      <line num="275" count="0" type="stmt"/>
      <line num="287" count="2" type="stmt"/>
      <line num="288" count="2" type="stmt"/>
      <line num="289" count="2" type="stmt"/>
      <line num="290" count="2" type="stmt"/>
      <line num="291" count="2" type="stmt"/>
      <line num="300" count="4" type="stmt"/>
      <line num="301" count="4" type="stmt"/>
      <line num="304" count="14" type="stmt"/>
      <line num="307" count="15" type="stmt"/>
      <line num="316" count="2" type="stmt"/>
      <line num="329" count="0" type="stmt"/>
      <line num="330" count="0" type="stmt"/>
      <line num="331" count="0" type="cond" truecount="0" falsecount="2"/>
      <line num="340" count="6" type="stmt"/>
      <line num="341" count="5" type="stmt"/>
      <line num="342" count="5" type="cond" truecount="1" falsecount="1"/>
      <line num="351" count="0" type="stmt"/>
      <line num="352" count="0" type="stmt"/>
      <line num="353" count="0" type="cond" truecount="0" falsecount="2"/>
      <line num="362" count="5" type="stmt"/>
      <line num="363" count="5" type="stmt"/>
      <line num="364" count="5" type="cond" truecount="1" falsecount="1"/>
    </file>
  </project>
</coverage>
