{"/Users/mag_lange/Library/CloudStorage/OneDrive-NTNU/NTNU(alive)/3rd. Semester/DCST2002_code/Oblig6webdev_mag/client/src/task-components.tsx": {"path":"/Users/mag_lange/Library/CloudStorage/OneDrive-NTNU/NTNU(alive)/3rd. Semester/DCST2002_code/Oblig6webdev_mag/client/src/task-components.tsx","statementMap":{"0":{"start":{"line":8,"column":16},"end":{"line":8,"column":35}},"1":{"start":{"line":14,"column":18},"end":{"line":14,"column":20}},"2":{"start":{"line":17,"column":4},"end":{"line":30,"column":6}},"3":{"start":{"line":21,"column":12},"end":{"line":25,"column":18}},"4":{"start":{"line":28,"column":39},"end":{"line":28,"column":65}},"5":{"start":{"line":34,"column":4},"end":{"line":37,"column":79}},"6":{"start":{"line":36,"column":24},"end":{"line":36,"column":42}},"7":{"start":{"line":37,"column":24},"end":{"line":37,"column":77}},"8":{"start":{"line":45,"column":15},"end":{"line":45,"column":65}},"9":{"start":{"line":48,"column":4},"end":{"line":72,"column":6}},"10":{"start":{"line":67,"column":25},"end":{"line":67,"column":87}},"11":{"start":{"line":76,"column":4},"end":{"line":79,"column":78}},"12":{"start":{"line":78,"column":23},"end":{"line":78,"column":39}},"13":{"start":{"line":79,"column":24},"end":{"line":79,"column":76}},"14":{"start":{"line":87,"column":15},"end":{"line":87,"column":65}},"15":{"start":{"line":90,"column":4},"end":{"line":142,"column":6}},"16":{"start":{"line":101,"column":38},"end":{"line":101,"column":81}},"17":{"start":{"line":110,"column":81},"end":{"line":110,"column":130}},"18":{"start":{"line":118,"column":38},"end":{"line":118,"column":82}},"19":{"start":{"line":126,"column":14},"end":{"line":126,"column":102}},"20":{"start":{"line":127,"column":14},"end":{"line":127,"column":53}},"21":{"start":{"line":128,"column":14},"end":{"line":128,"column":36}},"22":{"start":{"line":133,"column":14},"end":{"line":133,"column":46}},"23":{"start":{"line":134,"column":14},"end":{"line":134,"column":47}},"24":{"start":{"line":135,"column":14},"end":{"line":135,"column":36}},"25":{"start":{"line":146,"column":4},"end":{"line":149,"column":78}},"26":{"start":{"line":148,"column":23},"end":{"line":148,"column":39}},"27":{"start":{"line":149,"column":24},"end":{"line":149,"column":76}},"28":{"start":{"line":157,"column":10},"end":{"line":157,"column":12}},"29":{"start":{"line":158,"column":15},"end":{"line":158,"column":17}},"30":{"start":{"line":161,"column":4},"end":{"line":197,"column":6}},"31":{"start":{"line":172,"column":38},"end":{"line":172,"column":76}},"32":{"start":{"line":181,"column":75},"end":{"line":181,"column":121}},"33":{"start":{"line":187,"column":12},"end":{"line":190,"column":87}},"34":{"start":{"line":189,"column":28},"end":{"line":189,"column":56}},"35":{"start":{"line":190,"column":32},"end":{"line":190,"column":85}},"36":{"start":{"line":191,"column":14},"end":{"line":191,"column":52}}},"fnMap":{"0":{"name":"(anonymous_0)","decl":{"start":{"line":16,"column":2},"end":{"line":16,"column":3}},"loc":{"start":{"line":16,"column":11},"end":{"line":31,"column":3}},"line":16},"1":{"name":"(anonymous_1)","decl":{"start":{"line":20,"column":26},"end":{"line":20,"column":27}},"loc":{"start":{"line":21,"column":12},"end":{"line":25,"column":18}},"line":21},"2":{"name":"(anonymous_2)","decl":{"start":{"line":28,"column":33},"end":{"line":28,"column":34}},"loc":{"start":{"line":28,"column":39},"end":{"line":28,"column":65}},"line":28},"3":{"name":"(anonymous_3)","decl":{"start":{"line":33,"column":2},"end":{"line":33,"column":3}},"loc":{"start":{"line":33,"column":12},"end":{"line":38,"column":3}},"line":33},"4":{"name":"(anonymous_4)","decl":{"start":{"line":36,"column":12},"end":{"line":36,"column":13}},"loc":{"start":{"line":36,"column":24},"end":{"line":36,"column":42}},"line":36},"5":{"name":"(anonymous_5)","decl":{"start":{"line":37,"column":13},"end":{"line":37,"column":14}},"loc":{"start":{"line":37,"column":24},"end":{"line":37,"column":77}},"line":37},"6":{"name":"(anonymous_6)","decl":{"start":{"line":47,"column":2},"end":{"line":47,"column":3}},"loc":{"start":{"line":47,"column":11},"end":{"line":73,"column":3}},"line":47},"7":{"name":"(anonymous_7)","decl":{"start":{"line":62,"column":64},"end":{"line":62,"column":65}},"loc":{"start":{"line":62,"column":70},"end":{"line":62,"column":72}},"line":62},"8":{"name":"(anonymous_8)","decl":{"start":{"line":67,"column":19},"end":{"line":67,"column":20}},"loc":{"start":{"line":67,"column":25},"end":{"line":67,"column":87}},"line":67},"9":{"name":"(anonymous_9)","decl":{"start":{"line":75,"column":2},"end":{"line":75,"column":3}},"loc":{"start":{"line":75,"column":12},"end":{"line":80,"column":3}},"line":75},"10":{"name":"(anonymous_10)","decl":{"start":{"line":78,"column":12},"end":{"line":78,"column":13}},"loc":{"start":{"line":78,"column":23},"end":{"line":78,"column":39}},"line":78},"11":{"name":"(anonymous_11)","decl":{"start":{"line":79,"column":13},"end":{"line":79,"column":14}},"loc":{"start":{"line":79,"column":24},"end":{"line":79,"column":76}},"line":79},"12":{"name":"(anonymous_12)","decl":{"start":{"line":89,"column":2},"end":{"line":89,"column":3}},"loc":{"start":{"line":89,"column":11},"end":{"line":143,"column":3}},"line":89},"13":{"name":"(anonymous_13)","decl":{"start":{"line":101,"column":26},"end":{"line":101,"column":27}},"loc":{"start":{"line":101,"column":38},"end":{"line":101,"column":81}},"line":101},"14":{"name":"(anonymous_14)","decl":{"start":{"line":110,"column":69},"end":{"line":110,"column":70}},"loc":{"start":{"line":110,"column":80},"end":{"line":110,"column":131}},"line":110},"15":{"name":"(anonymous_15)","decl":{"start":{"line":118,"column":26},"end":{"line":118,"column":27}},"loc":{"start":{"line":118,"column":38},"end":{"line":118,"column":82}},"line":118},"16":{"name":"(anonymous_16)","decl":{"start":{"line":125,"column":37},"end":{"line":125,"column":38}},"loc":{"start":{"line":125,"column":43},"end":{"line":129,"column":13}},"line":125},"17":{"name":"(anonymous_17)","decl":{"start":{"line":132,"column":36},"end":{"line":132,"column":37}},"loc":{"start":{"line":132,"column":42},"end":{"line":136,"column":13}},"line":132},"18":{"name":"(anonymous_18)","decl":{"start":{"line":145,"column":2},"end":{"line":145,"column":3}},"loc":{"start":{"line":145,"column":12},"end":{"line":150,"column":3}},"line":145},"19":{"name":"(anonymous_19)","decl":{"start":{"line":148,"column":12},"end":{"line":148,"column":13}},"loc":{"start":{"line":148,"column":23},"end":{"line":148,"column":39}},"line":148},"20":{"name":"(anonymous_20)","decl":{"start":{"line":149,"column":13},"end":{"line":149,"column":14}},"loc":{"start":{"line":149,"column":24},"end":{"line":149,"column":76}},"line":149},"21":{"name":"(anonymous_21)","decl":{"start":{"line":160,"column":2},"end":{"line":160,"column":3}},"loc":{"start":{"line":160,"column":11},"end":{"line":198,"column":3}},"line":160},"22":{"name":"(anonymous_22)","decl":{"start":{"line":172,"column":26},"end":{"line":172,"column":27}},"loc":{"start":{"line":172,"column":38},"end":{"line":172,"column":76}},"line":172},"23":{"name":"(anonymous_23)","decl":{"start":{"line":181,"column":64},"end":{"line":181,"column":65}},"loc":{"start":{"line":181,"column":75},"end":{"line":181,"column":121}},"line":181},"24":{"name":"(anonymous_24)","decl":{"start":{"line":186,"column":19},"end":{"line":186,"column":20}},"loc":{"start":{"line":186,"column":25},"end":{"line":192,"column":11}},"line":186},"25":{"name":"(anonymous_25)","decl":{"start":{"line":189,"column":20},"end":{"line":189,"column":21}},"loc":{"start":{"line":189,"column":28},"end":{"line":189,"column":56}},"line":189},"26":{"name":"(anonymous_26)","decl":{"start":{"line":190,"column":21},"end":{"line":190,"column":22}},"loc":{"start":{"line":190,"column":32},"end":{"line":190,"column":85}},"line":190}},"branchMap":{},"s":{"0":1,"1":2,"2":4,"3":6,"4":1,"5":2,"6":2,"7":0,"8":2,"9":4,"10":0,"11":2,"12":2,"13":0,"14":11,"15":23,"16":1,"17":0,"18":1,"19":5,"20":5,"21":5,"22":1,"23":1,"24":1,"25":11,"26":11,"27":0,"28":0,"29":0,"30":0,"31":0,"32":0,"33":0,"34":0,"35":0,"36":0},"f":{"0":4,"1":6,"2":1,"3":2,"4":2,"5":0,"6":4,"7":0,"8":0,"9":2,"10":2,"11":0,"12":23,"13":1,"14":0,"15":1,"16":5,"17":1,"18":11,"19":11,"20":0,"21":0,"22":0,"23":0,"24":0,"25":0,"26":0},"b":{},"_coverageSchema":"1a1c01bbd47fc00a2c39e90264f33305004495a9","hash":"baeaabea1f269ac5181b0b5b801c8cc980108f09"}
,"/Users/mag_lange/Library/CloudStorage/OneDrive-NTNU/NTNU(alive)/3rd. Semester/DCST2002_code/Oblig6webdev_mag/client/src/widgets.tsx": {"path":"/Users/mag_lange/Library/CloudStorage/OneDrive-NTNU/NTNU(alive)/3rd. Semester/DCST2002_code/Oblig6webdev_mag/client/src/widgets.tsx","statementMap":{"0":{"start":{"line":13,"column":4},"end":{"line":20,"column":6}},"1":{"start":{"line":29,"column":4},"end":{"line":29,"column":60}},"2":{"start":{"line":40,"column":4},"end":{"line":44,"column":6}},"3":{"start":{"line":58,"column":4},"end":{"line":75,"column":6}},"4":{"start":{"line":89,"column":4},"end":{"line":106,"column":6}},"5":{"start":{"line":120,"column":4},"end":{"line":137,"column":6}},"6":{"start":{"line":147,"column":19},"end":{"line":147,"column":32}},"7":{"start":{"line":148,"column":18},"end":{"line":148,"column":30}},"8":{"start":{"line":149,"column":17},"end":{"line":149,"column":28}},"9":{"start":{"line":159,"column":4},"end":{"line":163,"column":6}},"10":{"start":{"line":173,"column":16},"end":{"line":173,"column":26}},"11":{"start":{"line":176,"column":4},"end":{"line":185,"column":6}},"12":{"start":{"line":194,"column":4},"end":{"line":194,"column":75}},"13":{"start":{"line":210,"column":47},"end":{"line":210,"column":57}},"14":{"start":{"line":211,"column":4},"end":{"line":219,"column":6}},"15":{"start":{"line":234,"column":41},"end":{"line":234,"column":51}},"16":{"start":{"line":235,"column":4},"end":{"line":235,"column":93}},"17":{"start":{"line":250,"column":43},"end":{"line":250,"column":53}},"18":{"start":{"line":251,"column":4},"end":{"line":259,"column":6}},"19":{"start":{"line":274,"column":51},"end":{"line":274,"column":61}},"20":{"start":{"line":275,"column":4},"end":{"line":279,"column":6}},"21":{"start":{"line":287,"column":17},"end":{"line":287,"column":26}},"22":{"start":{"line":288,"column":17},"end":{"line":288,"column":26}},"23":{"start":{"line":289,"column":20},"end":{"line":289,"column":32}},"24":{"start":{"line":290,"column":20},"end":{"line":290,"column":32}},"25":{"start":{"line":291,"column":18},"end":{"line":291,"column":28}},"26":{"start":{"line":300,"column":60},"end":{"line":300,"column":62}},"27":{"start":{"line":301,"column":19},"end":{"line":301,"column":20}},"28":{"start":{"line":304,"column":4},"end":{"line":321,"column":6}},"29":{"start":{"line":307,"column":10},"end":{"line":318,"column":16}},"30":{"start":{"line":316,"column":29},"end":{"line":316,"column":53}},"31":{"start":{"line":329,"column":4},"end":{"line":332,"column":7}},"32":{"start":{"line":330,"column":21},"end":{"line":330,"column":37}},"33":{"start":{"line":331,"column":6},"end":{"line":331,"column":97}},"34":{"start":{"line":331,"column":20},"end":{"line":331,"column":97}},"35":{"start":{"line":340,"column":4},"end":{"line":343,"column":7}},"36":{"start":{"line":341,"column":21},"end":{"line":341,"column":37}},"37":{"start":{"line":342,"column":6},"end":{"line":342,"column":94}},"38":{"start":{"line":342,"column":20},"end":{"line":342,"column":94}},"39":{"start":{"line":351,"column":4},"end":{"line":354,"column":7}},"40":{"start":{"line":352,"column":21},"end":{"line":352,"column":37}},"41":{"start":{"line":353,"column":6},"end":{"line":353,"column":97}},"42":{"start":{"line":353,"column":20},"end":{"line":353,"column":97}},"43":{"start":{"line":362,"column":4},"end":{"line":365,"column":7}},"44":{"start":{"line":363,"column":21},"end":{"line":363,"column":37}},"45":{"start":{"line":364,"column":6},"end":{"line":364,"column":96}},"46":{"start":{"line":364,"column":20},"end":{"line":364,"column":96}}},"fnMap":{"0":{"name":"(anonymous_0)","decl":{"start":{"line":12,"column":2},"end":{"line":12,"column":3}},"loc":{"start":{"line":12,"column":11},"end":{"line":21,"column":3}},"line":12},"1":{"name":"(anonymous_1)","decl":{"start":{"line":28,"column":2},"end":{"line":28,"column":3}},"loc":{"start":{"line":28,"column":11},"end":{"line":30,"column":3}},"line":28},"2":{"name":"(anonymous_2)","decl":{"start":{"line":39,"column":2},"end":{"line":39,"column":3}},"loc":{"start":{"line":39,"column":11},"end":{"line":45,"column":3}},"line":39},"3":{"name":"(anonymous_3)","decl":{"start":{"line":57,"column":2},"end":{"line":57,"column":3}},"loc":{"start":{"line":57,"column":11},"end":{"line":76,"column":3}},"line":57},"4":{"name":"(anonymous_4)","decl":{"start":{"line":88,"column":2},"end":{"line":88,"column":3}},"loc":{"start":{"line":88,"column":11},"end":{"line":107,"column":3}},"line":88},"5":{"name":"(anonymous_5)","decl":{"start":{"line":119,"column":2},"end":{"line":119,"column":3}},"loc":{"start":{"line":119,"column":11},"end":{"line":138,"column":3}},"line":119},"6":{"name":"(anonymous_6)","decl":{"start":{"line":158,"column":2},"end":{"line":158,"column":3}},"loc":{"start":{"line":158,"column":11},"end":{"line":164,"column":3}},"line":158},"7":{"name":"(anonymous_7)","decl":{"start":{"line":175,"column":2},"end":{"line":175,"column":3}},"loc":{"start":{"line":175,"column":11},"end":{"line":186,"column":3}},"line":175},"8":{"name":"(anonymous_8)","decl":{"start":{"line":193,"column":2},"end":{"line":193,"column":3}},"loc":{"start":{"line":193,"column":11},"end":{"line":195,"column":3}},"line":193},"9":{"name":"(anonymous_9)","decl":{"start":{"line":207,"column":2},"end":{"line":207,"column":3}},"loc":{"start":{"line":207,"column":11},"end":{"line":220,"column":3}},"line":207},"10":{"name":"(anonymous_10)","decl":{"start":{"line":231,"column":2},"end":{"line":231,"column":3}},"loc":{"start":{"line":231,"column":11},"end":{"line":236,"column":3}},"line":231},"11":{"name":"(anonymous_11)","decl":{"start":{"line":247,"column":2},"end":{"line":247,"column":3}},"loc":{"start":{"line":247,"column":11},"end":{"line":260,"column":3}},"line":247},"12":{"name":"(anonymous_12)","decl":{"start":{"line":271,"column":2},"end":{"line":271,"column":3}},"loc":{"start":{"line":271,"column":11},"end":{"line":280,"column":3}},"line":271},"13":{"name":"(anonymous_13)","decl":{"start":{"line":303,"column":2},"end":{"line":303,"column":3}},"loc":{"start":{"line":303,"column":11},"end":{"line":322,"column":3}},"line":303},"14":{"name":"(anonymous_14)","decl":{"start":{"line":306,"column":25},"end":{"line":306,"column":26}},"loc":{"start":{"line":307,"column":10},"end":{"line":318,"column":16}},"line":307},"15":{"name":"(anonymous_15)","decl":{"start":{"line":316,"column":23},"end":{"line":316,"column":24}},"loc":{"start":{"line":316,"column":29},"end":{"line":316,"column":53}},"line":316},"16":{"name":"(anonymous_16)","decl":{"start":{"line":327,"column":2},"end":{"line":327,"column":3}},"loc":{"start":{"line":327,"column":34},"end":{"line":333,"column":3}},"line":327},"17":{"name":"(anonymous_17)","decl":{"start":{"line":329,"column":15},"end":{"line":329,"column":16}},"loc":{"start":{"line":329,"column":21},"end":{"line":332,"column":5}},"line":329},"18":{"name":"(anonymous_18)","decl":{"start":{"line":338,"column":2},"end":{"line":338,"column":3}},"loc":{"start":{"line":338,"column":31},"end":{"line":344,"column":3}},"line":338},"19":{"name":"(anonymous_19)","decl":{"start":{"line":340,"column":15},"end":{"line":340,"column":16}},"loc":{"start":{"line":340,"column":21},"end":{"line":343,"column":5}},"line":340},"20":{"name":"(anonymous_20)","decl":{"start":{"line":349,"column":2},"end":{"line":349,"column":3}},"loc":{"start":{"line":349,"column":34},"end":{"line":355,"column":3}},"line":349},"21":{"name":"(anonymous_21)","decl":{"start":{"line":351,"column":15},"end":{"line":351,"column":16}},"loc":{"start":{"line":351,"column":21},"end":{"line":354,"column":5}},"line":351},"22":{"name":"(anonymous_22)","decl":{"start":{"line":360,"column":2},"end":{"line":360,"column":3}},"loc":{"start":{"line":360,"column":33},"end":{"line":366,"column":3}},"line":360},"23":{"name":"(anonymous_23)","decl":{"start":{"line":362,"column":15},"end":{"line":362,"column":16}},"loc":{"start":{"line":362,"column":21},"end":{"line":365,"column":5}},"line":362}},"branchMap":{"0":{"loc":{"start":{"line":41,"column":31},"end":{"line":41,"column":77}},"type":"cond-expr","locations":[{"start":{"line":41,"column":50},"end":{"line":41,"column":72}},{"start":{"line":41,"column":75},"end":{"line":41,"column":77}}],"line":41},"1":{"loc":{"start":{"line":42,"column":36},"end":{"line":42,"column":70}},"type":"cond-expr","locations":[{"start":{"line":42,"column":55},"end":{"line":42,"column":60}},{"start":{"line":42,"column":63},"end":{"line":42,"column":70}}],"line":42},"2":{"loc":{"start":{"line":63,"column":10},"end":{"line":69,"column":16}},"type":"cond-expr","locations":[{"start":{"line":64,"column":14},"end":{"line":68,"column":15}},{"start":{"line":69,"column":14},"end":{"line":69,"column":16}}],"line":63},"3":{"loc":{"start":{"line":94,"column":10},"end":{"line":100,"column":16}},"type":"cond-expr","locations":[{"start":{"line":95,"column":14},"end":{"line":99,"column":15}},{"start":{"line":100,"column":14},"end":{"line":100,"column":16}}],"line":94},"4":{"loc":{"start":{"line":125,"column":10},"end":{"line":131,"column":16}},"type":"cond-expr","locations":[{"start":{"line":126,"column":14},"end":{"line":130,"column":15}},{"start":{"line":131,"column":14},"end":{"line":131,"column":16}}],"line":125},"5":{"loc":{"start":{"line":331,"column":6},"end":{"line":331,"column":97}},"type":"if","locations":[{"start":{"line":331,"column":6},"end":{"line":331,"column":97}},{"start":{},"end":{}}],"line":331},"6":{"loc":{"start":{"line":342,"column":6},"end":{"line":342,"column":94}},"type":"if","locations":[{"start":{"line":342,"column":6},"end":{"line":342,"column":94}},{"start":{},"end":{}}],"line":342},"7":{"loc":{"start":{"line":353,"column":6},"end":{"line":353,"column":97}},"type":"if","locations":[{"start":{"line":353,"column":6},"end":{"line":353,"column":97}},{"start":{},"end":{}}],"line":353},"8":{"loc":{"start":{"line":364,"column":6},"end":{"line":364,"column":96}},"type":"if","locations":[{"start":{"line":364,"column":6},"end":{"line":364,"column":96}},{"start":{},"end":{}}],"line":364}},"s":{"0":0,"1":0,"2":0,"3":0,"4":0,"5":0,"6":2,"7":2,"8":2,"9":0,"10":2,"11":0,"12":0,"13":0,"14":0,"15":0,"16":0,"17":0,"18":0,"19":0,"20":0,"21":2,"22":2,"23":2,"24":2,"25":2,"26":4,"27":4,"28":14,"29":15,"30":2,"31":0,"32":0,"33":0,"34":0,"35":6,"36":5,"37":5,"38":0,"39":0,"40":0,"41":0,"42":0,"43":5,"44":5,"45":5,"46":5},"f":{"0":0,"1":0,"2":0,"3":0,"4":0,"5":0,"6":0,"7":0,"8":0,"9":0,"10":0,"11":0,"12":0,"13":14,"14":15,"15":2,"16":0,"17":0,"18":6,"19":5,"20":0,"21":0,"22":5,"23":5},"b":{"0":[0,0],"1":[0,0],"2":[0,0],"3":[0,0],"4":[0,0],"5":[0,0],"6":[0,5],"7":[0,0],"8":[5,0]},"_coverageSchema":"1a1c01bbd47fc00a2c39e90264f33305004495a9","hash":"eed6bfb8cfc97249b03d82aca39a7759fb8c5713"}
}
