TN:
SF:src/task-components.tsx
FN:16,(anonymous_0)
FN:20,(anonymous_1)
FN:28,(anonymous_2)
FN:33,(anonymous_3)
FN:36,(anonymous_4)
FN:37,(anonymous_5)
FN:47,(anonymous_6)
FN:62,(anonymous_7)
FN:67,(anonymous_8)
FN:75,(anonymous_9)
FN:78,(anonymous_10)
FN:79,(anonymous_11)
FN:89,(anonymous_12)
FN:101,(anonymous_13)
FN:110,(anonymous_14)
FN:118,(anonymous_15)
FN:125,(anonymous_16)
FN:132,(anonymous_17)
FN:145,(anonymous_18)
FN:148,(anonymous_19)
FN:149,(anonymous_20)
FN:160,(anonymous_21)
FN:172,(anonymous_22)
FN:181,(anonymous_23)
FN:186,(anonymous_24)
FN:189,(anonymous_25)
FN:190,(anonymous_26)
FNF:27
FNH:15
FNDA:4,(anonymous_0)
FNDA:6,(anonymous_1)
FNDA:1,(anonymous_2)
FNDA:2,(anonymous_3)
FNDA:2,(anonymous_4)
FNDA:0,(anonymous_5)
FNDA:4,(anonymous_6)
FNDA:0,(anonymous_7)
FNDA:0,(anonymous_8)
FNDA:2,(anonymous_9)
FNDA:2,(anonymous_10)
FNDA:0,(anonymous_11)
FNDA:23,(anonymous_12)
FNDA:1,(anonymous_13)
FNDA:0,(anonymous_14)
FNDA:1,(anonymous_15)
FNDA:5,(anonymous_16)
FNDA:1,(anonymous_17)
FNDA:11,(anonymous_18)
FNDA:11,(anonymous_19)
FNDA:0,(anonymous_20)
FNDA:0,(anonymous_21)
FNDA:0,(anonymous_22)
FNDA:0,(anonymous_23)
FNDA:0,(anonymous_24)
FNDA:0,(anonymous_25)
FNDA:0,(anonymous_26)
DA:8,1
DA:14,2
DA:17,4
DA:21,6
DA:28,1
DA:34,2
DA:36,2
DA:37,0
DA:45,2
DA:48,4
DA:67,0
DA:76,2
DA:78,2
DA:79,0
DA:87,11
DA:90,23
DA:101,1
DA:110,0
DA:118,1
DA:126,5
DA:127,5
DA:128,5
DA:133,1
DA:134,1
DA:135,1
DA:146,11
DA:148,11
DA:149,0
DA:157,0
DA:158,0
DA:161,0
DA:172,0
DA:181,0
DA:187,0
DA:189,0
DA:190,0
DA:191,0
LF:37
LH:23
BRF:0
BRH:0
end_of_record
TN:
SF:src/widgets.tsx
FN:12,(anonymous_0)
FN:28,(anonymous_1)
FN:39,(anonymous_2)
FN:57,(anonymous_3)
FN:88,(anonymous_4)
FN:119,(anonymous_5)
FN:158,(anonymous_6)
FN:175,(anonymous_7)
FN:193,(anonymous_8)
FN:207,(anonymous_9)
FN:231,(anonymous_10)
FN:247,(anonymous_11)
FN:271,(anonymous_12)
FN:303,(anonymous_13)
FN:306,(anonymous_14)
FN:316,(anonymous_15)
FN:327,(anonymous_16)
FN:329,(anonymous_17)
FN:338,(anonymous_18)
FN:340,(anonymous_19)
FN:349,(anonymous_20)
FN:351,(anonymous_21)
FN:360,(anonymous_22)
FN:362,(anonymous_23)
FNF:24
FNH:7
FNDA:0,(anonymous_0)
FNDA:0,(anonymous_1)
FNDA:0,(anonymous_2)
FNDA:0,(anonymous_3)
FNDA:0,(anonymous_4)
FNDA:0,(anonymous_5)
FNDA:0,(anonymous_6)
FNDA:0,(anonymous_7)
FNDA:0,(anonymous_8)
FNDA:0,(anonymous_9)
FNDA:0,(anonymous_10)
FNDA:0,(anonymous_11)
FNDA:0,(anonymous_12)
FNDA:14,(anonymous_13)
FNDA:15,(anonymous_14)
FNDA:2,(anonymous_15)
FNDA:0,(anonymous_16)
FNDA:0,(anonymous_17)
FNDA:6,(anonymous_18)
FNDA:5,(anonymous_19)
FNDA:0,(anonymous_20)
FNDA:0,(anonymous_21)
FNDA:5,(anonymous_22)
FNDA:5,(anonymous_23)
DA:13,0
DA:29,0
DA:40,0
DA:58,0
DA:89,0
DA:120,0
DA:147,2
DA:148,2
DA:149,2
DA:159,0
DA:173,2
DA:176,0
DA:194,0
DA:210,0
DA:211,0
DA:234,0
DA:235,0
DA:250,0
DA:251,0
DA:274,0
DA:275,0
DA:287,2
DA:288,2
DA:289,2
DA:290,2
DA:291,2
DA:300,4
DA:301,4
DA:304,14
DA:307,15
DA:316,2
DA:329,0
DA:330,0
DA:331,0
DA:340,6
DA:341,5
DA:342,5
DA:351,0
DA:352,0
DA:353,0
DA:362,5
DA:363,5
DA:364,5
LF:43
LH:20
BRDA:41,0,0,0
BRDA:41,0,1,0
BRDA:42,1,0,0
BRDA:42,1,1,0
BRDA:63,2,0,0
BRDA:63,2,1,0
BRDA:94,3,0,0
BRDA:94,3,1,0
BRDA:125,4,0,0
BRDA:125,4,1,0
BRDA:331,5,0,0
BRDA:331,5,1,0
BRDA:342,6,0,0
BRDA:342,6,1,5
BRDA:353,7,0,0
BRDA:353,7,1,0
BRDA:364,8,0,5
BRDA:364,8,1,0
BRF:18
BRH:2
end_of_record
